{
  "stats": {
    "suites": 2,
    "tests": 10,
    "passes": 10,
    "pending": 0,
    "failures": 0,
    "start": "2022-06-19T21:47:43.031Z",
    "end": "2022-06-19T21:47:50.238Z",
    "duration": 7207,
    "testsRegistered": 10,
    "passPercent": 100,
    "pendingPercent": 0,
    "other": 0,
    "hasOther": false,
    "skipped": 0,
    "hasSkipped": false
  },
  "results": [
    {
      "uuid": "b948c18c-7a84-4d04-84b4-ad50f8856eda",
      "title": "",
      "fullFile": "cypress/integration/e2e/BMItest.spec.js",
      "file": "cypress/integration/e2e/BMItest.spec.js",
      "beforeHooks": [],
      "afterHooks": [],
      "tests": [],
      "suites": [
        {
          "uuid": "d6ea3c1b-843b-4444-869b-f5e795d96969",
          "title": "Automatic testing",
          "fullFile": "",
          "file": "",
          "beforeHooks": [],
          "afterHooks": [],
          "tests": [],
          "suites": [
            {
              "uuid": "fdd653ea-b6e6-4eef-933b-565e8cc4336a",
              "title": "Automatic testing of the Calculator aplication",
              "fullFile": "",
              "file": "",
              "beforeHooks": [],
              "afterHooks": [],
              "tests": [
                {
                  "title": "Test 1",
                  "fullTitle": "Automatic testing Automatic testing of the Calculator aplication Test 1",
                  "timedOut": null,
                  "duration": 280,
                  "state": "passed",
                  "speed": "fast",
                  "pass": true,
                  "fail": false,
                  "pending": false,
                  "context": null,
                  "code": "cy.get('.title').should('contain', 'Kalkulator BMI');",
                  "err": {},
                  "uuid": "9b04b430-781c-4959-ba92-13078dcf20be",
                  "parentUUID": "fdd653ea-b6e6-4eef-933b-565e8cc4336a",
                  "isHook": false,
                  "skipped": false
                },
                {
                  "title": "Test 2",
                  "fullTitle": "Automatic testing Automatic testing of the Calculator aplication Test 2",
                  "timedOut": null,
                  "duration": 620,
                  "state": "passed",
                  "speed": "fast",
                  "pass": true,
                  "fail": false,
                  "pending": false,
                  "context": null,
                  "code": "calculator.getInputWaga().type('39');\ncy.get('.wzrost').type('170');\ncy.get('.przycisk').click();\ncy.on('window:alert', text => {\n  expect(text).to.contains('Podana waga jest nieprawidłowa (40kg - 200kg)');\n});",
                  "err": {},
                  "uuid": "fc2803db-dd3a-458c-8d4b-d857b58378be",
                  "parentUUID": "fdd653ea-b6e6-4eef-933b-565e8cc4336a",
                  "isHook": false,
                  "skipped": false
                },
                {
                  "title": "Test 3",
                  "fullTitle": "Automatic testing Automatic testing of the Calculator aplication Test 3",
                  "timedOut": null,
                  "duration": 615,
                  "state": "passed",
                  "speed": "fast",
                  "pass": true,
                  "fail": false,
                  "pending": false,
                  "context": null,
                  "code": "cy.get('.waga').type('201');\ncy.get('.wzrost').type('170');\ncy.get('.przycisk').click();\ncy.on('window:alert', text => {\n  expect(text).to.contains('Podana waga jest nieprawidłowa (40kg - 200kg)');\n});",
                  "err": {},
                  "uuid": "d0ab6570-2606-4a2f-9b6d-ef1afa856d9d",
                  "parentUUID": "fdd653ea-b6e6-4eef-933b-565e8cc4336a",
                  "isHook": false,
                  "skipped": false
                },
                {
                  "title": "Test 4",
                  "fullTitle": "Automatic testing Automatic testing of the Calculator aplication Test 4",
                  "timedOut": null,
                  "duration": 613,
                  "state": "passed",
                  "speed": "fast",
                  "pass": true,
                  "fail": false,
                  "pending": false,
                  "context": null,
                  "code": "cy.get('.waga').type('40');\ncy.get('.wzrost').type('170');\ncy.get('.przycisk').click();\ncy.get('#wynik').should('contain', '13.84');",
                  "err": {},
                  "uuid": "971ad5e0-7a1f-4a6f-91ca-21a134373efc",
                  "parentUUID": "fdd653ea-b6e6-4eef-933b-565e8cc4336a",
                  "isHook": false,
                  "skipped": false
                },
                {
                  "title": "Test 5",
                  "fullTitle": "Automatic testing Automatic testing of the Calculator aplication Test 5",
                  "timedOut": null,
                  "duration": 560,
                  "state": "passed",
                  "speed": "fast",
                  "pass": true,
                  "fail": false,
                  "pending": false,
                  "context": null,
                  "code": "cy.get('.waga').type('40');\ncy.get('.wzrost').type('119');\ncy.get('.przycisk').click();\ncy.on('window:alert', text => {\n  expect(text).to.contains('Podany wzrost jest nieprawidłowy (120cm - 240cm)');\n});",
                  "err": {},
                  "uuid": "82c2a68c-7da7-4256-8646-ae17b06474c6",
                  "parentUUID": "fdd653ea-b6e6-4eef-933b-565e8cc4336a",
                  "isHook": false,
                  "skipped": false
                },
                {
                  "title": "Test 6",
                  "fullTitle": "Automatic testing Automatic testing of the Calculator aplication Test 6",
                  "timedOut": null,
                  "duration": 668,
                  "state": "passed",
                  "speed": "fast",
                  "pass": true,
                  "fail": false,
                  "pending": false,
                  "context": null,
                  "code": "cy.get('.waga').type('40');\ncy.get('.wzrost').type('241');\ncy.get('.przycisk').click();\ncy.on('window:alert', text => {\n  expect(text).to.contains('Podany wzrost jest nieprawidłowy (120cm - 240cm)');\n});",
                  "err": {},
                  "uuid": "a9264087-ae07-473d-915a-2c53c7ff0742",
                  "parentUUID": "fdd653ea-b6e6-4eef-933b-565e8cc4336a",
                  "isHook": false,
                  "skipped": false
                },
                {
                  "title": "Test 7",
                  "fullTitle": "Automatic testing Automatic testing of the Calculator aplication Test 7",
                  "timedOut": null,
                  "duration": 642,
                  "state": "passed",
                  "speed": "fast",
                  "pass": true,
                  "fail": false,
                  "pending": false,
                  "context": null,
                  "code": "cy.get('.waga').type('40');\ncy.get('.wzrost').type('120');\ncy.get('.przycisk').click();\ncy.get('#wynik').should('contain', '27.78');",
                  "err": {},
                  "uuid": "f1213840-31aa-4b22-bf35-51f1d23a783b",
                  "parentUUID": "fdd653ea-b6e6-4eef-933b-565e8cc4336a",
                  "isHook": false,
                  "skipped": false
                },
                {
                  "title": "Test 8",
                  "fullTitle": "Automatic testing Automatic testing of the Calculator aplication Test 8",
                  "timedOut": null,
                  "duration": 236,
                  "state": "passed",
                  "speed": "fast",
                  "pass": true,
                  "fail": false,
                  "pending": false,
                  "context": null,
                  "code": "cy.get('.przycisk').click();\ncy.get('#wynik').should('contain', 'NaN');",
                  "err": {},
                  "uuid": "fdb133a0-1d4f-47d8-be89-c919e7fb798c",
                  "parentUUID": "fdd653ea-b6e6-4eef-933b-565e8cc4336a",
                  "isHook": false,
                  "skipped": false
                },
                {
                  "title": "Test 9",
                  "fullTitle": "Automatic testing Automatic testing of the Calculator aplication Test 9",
                  "timedOut": null,
                  "duration": 1142,
                  "state": "passed",
                  "speed": "fast",
                  "pass": true,
                  "fail": false,
                  "pending": false,
                  "context": null,
                  "code": "cy.get('.waga').type('40');\ncy.get('.wzrost').type('120');\ncy.get('.przycisk').click();\ncy.get('.waga').type('70');\ncy.get('.wzrost').type('120');\ncy.get('.przycisk').click();\ncy.get('#porownanie').should('contain', 'Twoje BMI wzrosło');",
                  "err": {},
                  "uuid": "9d46f040-fb24-4ea1-9873-1b8c7defa8cc",
                  "parentUUID": "fdd653ea-b6e6-4eef-933b-565e8cc4336a",
                  "isHook": false,
                  "skipped": false
                },
                {
                  "title": "Test 10",
                  "fullTitle": "Automatic testing Automatic testing of the Calculator aplication Test 10",
                  "timedOut": null,
                  "duration": 1682,
                  "state": "passed",
                  "speed": "fast",
                  "pass": true,
                  "fail": false,
                  "pending": false,
                  "context": null,
                  "code": "cy.fixture('averageBMI').then(averageData => {\n  averageData.forEach(data => {\n    cy.get('.waga').type(data.weight);\n    cy.get('.wzrost').type(data.height);\n    cy.get('.przycisk').click();\n  });\n});\ncy.get('#srednia').should('contain', '46.30');",
                  "err": {},
                  "uuid": "6f3f5597-fa57-4263-8367-98b98b5732fe",
                  "parentUUID": "fdd653ea-b6e6-4eef-933b-565e8cc4336a",
                  "isHook": false,
                  "skipped": false
                }
              ],
              "suites": [],
              "passes": [
                "9b04b430-781c-4959-ba92-13078dcf20be",
                "fc2803db-dd3a-458c-8d4b-d857b58378be",
                "d0ab6570-2606-4a2f-9b6d-ef1afa856d9d",
                "971ad5e0-7a1f-4a6f-91ca-21a134373efc",
                "82c2a68c-7da7-4256-8646-ae17b06474c6",
                "a9264087-ae07-473d-915a-2c53c7ff0742",
                "f1213840-31aa-4b22-bf35-51f1d23a783b",
                "fdb133a0-1d4f-47d8-be89-c919e7fb798c",
                "9d46f040-fb24-4ea1-9873-1b8c7defa8cc",
                "6f3f5597-fa57-4263-8367-98b98b5732fe"
              ],
              "failures": [],
              "pending": [],
              "skipped": [],
              "duration": 7058,
              "root": false,
              "rootEmpty": false,
              "_timeout": 2000
            }
          ],
          "passes": [],
          "failures": [],
          "pending": [],
          "skipped": [],
          "duration": 0,
          "root": false,
          "rootEmpty": false,
          "_timeout": 2000
        }
      ],
      "passes": [],
      "failures": [],
      "pending": [],
      "skipped": [],
      "duration": 0,
      "root": true,
      "rootEmpty": true,
      "_timeout": 2000
    }
  ],
  "meta": {
    "mocha": {
      "version": "7.0.1"
    },
    "mochawesome": {
      "options": {
        "quiet": false,
        "reportFilename": "[status]_[datetime]-[name]-report",
        "saveHtml": true,
        "saveJson": true,
        "consoleReporter": "spec",
        "useInlineDiffs": false,
        "code": true
      },
      "version": "7.1.3"
    },
    "marge": {
      "options": {
        "reportFilename": "[status]_[datetime]-[name]-report",
        "timestamp": "isoDateTime",
        "overwrite": false,
        "html": true,
        "json": true
      },
      "version": "6.2.0"
    }
  }
}